2022-04-21 16:18:41, info, Filters applied and vegetables found
2022-04-21 16:18:41, info, got Farmer list 
2022-04-21 16:19:02, info, Filters applied and vegetables found
2022-04-21 16:19:11, info, Filters applied and vegetables found
2022-04-21 16:19:45, info, Vegetables found
2022-04-21 16:19:45, info, Vegetables found
2022-04-21 16:19:55, info, Signout successfully
2022-04-21 16:24:08, info, successfully login
2022-04-21 16:24:30, info, Signout successfully
2022-04-21 16:24:30, info, Vegetables found
2022-04-21 16:24:30, info, Vegetables found
2022-04-21 16:25:47, info, successfully login
2022-04-21 16:47:37, info, Vegetables found
2022-04-21 16:47:37, info, Vegetables found
2022-04-21 16:47:47, info, Signout successfully
2022-04-21 16:47:47, info, Vegetables found
2022-04-21 16:47:47, info, Vegetables found
2022-04-21 16:49:22, info, successfully login
2022-04-21 16:49:38, info, Vegetables found
2022-04-21 16:49:38, info, Vegetables found
2022-04-21 16:51:49, info, Vegetables found
2022-04-21 16:51:49, info, Vegetables found
2022-04-21 16:51:52, info, Signout successfully
2022-04-21 16:52:06, info, successfully login
2022-04-21 16:55:52, info, Vegetables found
2022-04-21 16:55:52, info, Vegetables found
2022-04-21 16:57:34, info, Vegetables found
2022-04-21 16:57:34, info, Vegetables found
2022-04-21 17:00:13, info, Vegetables found
2022-04-21 17:00:13, info, Vegetables found
2022-04-21 17:03:07, info, Vegetables found
2022-04-21 17:03:07, info, Vegetables found
2022-04-21 17:16:57, info, Vegetables found
2022-04-21 17:16:57, info, Vegetables found
2022-04-21 17:17:59, info, Vegetables found
2022-04-21 17:17:59, info, Vegetables found
2022-04-21 17:18:15, info, Vegetables found
2022-04-21 17:18:15, info, Vegetables found
2022-04-21 17:21:57, info, Vegetables found
2022-04-21 17:21:57, info, Vegetables found
2022-04-21 17:22:41, info, Vegetables found
2022-04-21 17:22:41, info, Vegetables found
2022-04-21 17:32:55, info, Vegetables found
2022-04-21 17:32:55, info, Vegetables found
2022-04-21 17:39:01, info, Vegetables found
2022-04-21 17:39:01, info, Vegetables found
2022-04-21 17:41:32, info, Signout successfully
2022-04-21 17:41:32, info, Vegetables found
2022-04-21 17:41:32, info, Vegetables found
2022-04-21 17:41:47, info, successfully login
2022-04-21 17:46:51, info, Vegetables found
2022-04-21 17:46:51, info, Vegetables found
2022-04-21 18:03:59, info, Vegetables found
2022-04-21 18:03:59, info, Vegetables found
2022-04-21 18:09:02, info, Vegetables found
2022-04-21 18:09:02, info, Vegetables found
2022-04-21 18:09:21, info, Signout successfully
2022-04-21 18:09:21, info, Vegetables found
2022-04-21 18:09:21, info, Vegetables found
2022-04-21 18:09:48, info, successfully signed up
2022-04-21 18:10:05, info, successfully login
2022-04-21 18:10:09, info, Filters applied and vegetables found
2022-04-21 18:10:55, info, Vegetables found
2022-04-21 18:10:55, info, Vegetables found
2022-04-21 18:13:07, info, Vegetables found
2022-04-21 18:13:07, info, Vegetables found
2022-04-21 18:17:39, info, Vegetables found
2022-04-21 18:17:39, info, Vegetables found
2022-04-21 18:19:53, info, Vegetables found
2022-04-21 18:19:53, info, Vegetables found
2022-04-21 18:21:53, info, Signout successfully
2022-04-21 18:21:53, info, Vegetables found
2022-04-21 18:21:53, info, Vegetables found
2022-04-21 18:22:26, info, successfully signed up
2022-04-21 18:22:42, info, successfully login
2022-04-21 18:24:25, info, Signout successfully
2022-04-21 18:24:25, info, Vegetables found
2022-04-21 18:24:25, info, Vegetables found
2022-04-21 18:41:39, info, Vegetables found
2022-04-21 18:41:39, info, Vegetables found
2022-04-21 18:42:05, info, successfully signed up
2022-04-21 18:42:19, info, successfully login
2022-04-21 18:43:53, info, Vegetables found
2022-04-21 18:43:53, info, Vegetables found
2022-04-21 18:47:42, info, Vegetables found
2022-04-21 18:48:51, info, Signout successfully
2022-04-21 18:48:51, info, Vegetables found
2022-04-21 18:48:53, info, Vegetables found
2022-04-21 18:49:22, info, successfully signed up
2022-04-21 18:49:30, info, successfully login
2022-04-21 18:50:15, info, Vegetables found
2022-04-21 18:50:15, info, Vegetables found
2022-04-21 18:50:52, info, Vegetables found
2022-04-21 18:50:52, info, Vegetables found
2022-04-21 18:57:37, info, Vegetables found
2022-04-21 18:57:37, info, Vegetables found
2022-04-21 19:00:57, info, Signout successfully
2022-04-21 19:00:57, info, Vegetables found
2022-04-21 19:00:57, info, Vegetables found
2022-04-21 19:02:00, info, Vegetables found
2022-04-21 19:02:00, info, Vegetables found
2022-04-21 19:02:09, info, successfully login
2022-04-21 19:02:32, info, Vegetables found
2022-04-21 19:02:32, info, Vegetables found
2022-04-21 19:02:47, info, Signout successfully
2022-04-21 19:02:54, info, successfully login
2022-04-21 19:03:03, info, Vegetables found
2022-04-21 19:03:03, info, Vegetables found
2022-04-21 19:04:03, info, Vegetables found
2022-04-21 19:04:03, info, Vegetables found
2022-04-21 19:39:32, info, Vegetables found
2022-04-21 19:39:32, info, Vegetables found
2022-04-21 20:05:49, info, Vegetables found
2022-04-21 20:05:49, info, Vegetables found
2022-04-21 20:06:12, info, Signout successfully
2022-04-21 20:06:12, info, Vegetables found
2022-04-21 20:06:12, info, Vegetables found
2022-04-21 20:06:30, info, successfully signed up
2022-04-21 20:06:35, info, successfully login
2022-04-21 20:07:11, info, Vegetables found
2022-04-21 20:07:11, info, Vegetables found
2022-04-21 20:08:02, info, Vegetables found
2022-04-21 20:08:02, info, Vegetables found
2022-04-21 20:08:41, info, Vegetables found
2022-04-21 20:08:41, info, Vegetables found
2022-04-21 20:08:50, info, Signout successfully
2022-04-21 20:08:50, info, Vegetables found
2022-04-21 20:08:50, info, Vegetables found
2022-04-21 20:11:22, info, Vegetables found
2022-04-21 20:11:22, info, Vegetables found
2022-04-21 20:12:01, info, successfully signed up
2022-04-21 20:12:25, info, successfully login
2022-04-21 20:12:38, info, Vegetables found
2022-04-21 20:12:38, info, Vegetables found
2022-04-21 20:15:02, info, Signout successfully
2022-04-21 20:15:02, info, Vegetables found
2022-04-21 20:15:02, info, Vegetables found
2022-04-21 20:15:21, info, successfully signed up
2022-04-21 20:15:28, info, successfully login
2022-04-21 20:15:51, info, Signout successfully
2022-04-21 20:15:51, info, Vegetables found
2022-04-21 20:15:51, info, Vegetables found
2022-04-21 20:15:58, info, successfully login
2022-04-21 20:16:03, info, Signout successfully
2022-04-21 20:16:03, info, Vegetables found
2022-04-21 20:16:03, info, Vegetables found
2022-04-21 20:16:27, info, successfully login
2022-04-21 20:21:00, info, Signout successfully
2022-04-21 20:21:00, info, Vegetables found
2022-04-21 20:21:00, info, Vegetables found
2022-04-21 20:21:23, info, successfully signed up
2022-04-21 20:21:29, info, successfully login
2022-04-21 20:26:16, info, Signout successfully
2022-04-21 20:26:16, info, Vegetables found
2022-04-21 20:26:16, info, Vegetables found
2022-04-21 20:26:53, info, successfully signed up
2022-04-21 20:27:00, info, successfully login
2022-04-21 20:27:28, info, Vegetables found
2022-04-21 20:27:28, info, Vegetables found
2022-04-21 20:29:28, info, Vegetables found
2022-04-21 20:29:28, info, Vegetables found
2022-04-21 20:29:42, info, Signout successfully
2022-04-21 20:30:03, info, Vegetables found
2022-04-21 20:30:03, info, Vegetables found
2022-04-21 20:30:18, info, successfully signed up
2022-04-21 20:30:23, info, successfully login
2022-04-21 20:30:29, info, Vegetables found
2022-04-21 20:30:29, info, Vegetables found
2022-04-21 20:33:02, info, Vegetables found
2022-04-21 20:33:02, info, Vegetables found
2022-04-21 20:38:53, info, Vegetables found
2022-04-21 20:38:53, info, Vegetables found
2022-04-21 20:39:04, info, successfully signed up
2022-04-21 20:39:29, info, successfully login
2022-04-21 20:40:01, info, Vegetables found
2022-04-21 20:40:01, info, Vegetables found
2022-04-21 20:42:01, info, Signout successfully
2022-04-21 20:42:01, info, Vegetables found
2022-04-21 20:42:01, info, Vegetables found
2022-04-21 20:42:07, info, successfully login
2022-04-21 20:42:47, info, Signout successfully
2022-04-21 20:42:47, info, Vegetables found
2022-04-21 20:42:47, info, Vegetables found
2022-04-21 20:43:00, info, successfully login
2022-04-21 22:03:06, info, Vegetables found
2022-04-21 22:03:06, info, Vegetables found
2022-04-21 22:03:13, info, Signout successfully
2022-04-21 22:03:13, info, Vegetables found
2022-04-21 22:03:13, info, Vegetables found
2022-04-21 22:03:50, info, successfully login
2022-04-21 22:04:59, info, Signout successfully
2022-04-21 22:04:59, info, Vegetables found
2022-04-21 22:05:00, info, Vegetables found
2022-04-21 22:05:11, info, successfully login
2022-04-21 22:08:13, info, Signout successfully
2022-04-21 22:08:53, info, Vegetables found
2022-04-21 22:08:53, info, Vegetables found
2022-04-21 22:08:56, info, successfully login
2022-04-21 22:15:49, info, Vegetables found
2022-04-21 22:15:49, info, Vegetables found
2022-04-21 22:15:53, info, Signout successfully
2022-04-21 22:15:56, info, successfully login
2022-04-21 22:22:38, info, Vegetables found
2022-04-21 22:22:38, info, Vegetables found
2022-04-21 22:22:40, info, Signout successfully
2022-04-21 22:22:42, info, successfully login
2022-04-21 23:01:19, info, Signout successfully
2022-04-21 23:01:19, info, Vegetables found
2022-04-21 23:01:19, info, Vegetables found
2022-04-21 23:06:45, info, successfully login
2022-04-21 23:25:30, info, Vegetables found
2022-04-21 23:25:30, info, Vegetables found
2022-04-21 23:25:54, info, successfully login
2022-04-21 23:27:04, info, Vegetables found
2022-04-21 23:27:04, info, Vegetables found
2022-04-21 23:47:15, info, Vegetables found
2022-04-21 23:47:15, info, Vegetables found
2022-04-21 23:49:42, info, successfully signed up
2022-04-21 23:49:56, info, successfully login
2022-04-21 23:50:06, info, got Farmer list 
2022-04-21 23:50:06, info, Filters applied and vegetables found
2022-04-21 23:50:06, info, got Farmer list 
2022-04-21 23:53:31, info, got Farmer list 
2022-04-21 23:53:31, info, Filters applied and vegetables found
2022-04-21 23:53:31, info, got Farmer list 
2022-04-21 23:58:14, info, Vegetables found
2022-04-21 23:58:14, info, Vegetables found
2022-04-21 23:58:21, info, got Farmer list 
2022-04-21 23:58:21, info, Filters applied and vegetables found
2022-04-21 23:58:21, info, got Farmer list 
2022-04-21 23:58:25, info, Signout successfully
2022-04-21 23:58:25, info, Vegetables found
2022-04-21 23:58:25, info, Vegetables found
2022-04-21 23:58:28, info, successfully login
2022-04-21 23:59:11, info, Vegetables added
2022-04-21 23:59:16, info, Filters applied and vegetables found
2022-04-21 23:59:17, info, Filters applied and vegetables found
2022-04-21 23:59:23, info, Filters applied and vegetables found
2022-04-21 23:59:24, info, Filters applied and vegetables found
2022-04-21 23:59:26, info, Filters applied and vegetables found
2022-04-21 23:59:28, info, Filters applied and vegetables found
2022-04-21 23:59:31, info, Filters applied and vegetables found
2022-04-21 23:59:32, info, Filters applied and vegetables found
2022-04-22 00:02:16, info, Signout successfully
2022-04-22 00:02:16, info, Vegetables found
2022-04-22 00:02:16, info, Vegetables found
2022-04-22 00:02:25, info, successfully login
2022-04-22 00:05:21, info, Signout successfully
2022-04-22 00:05:21, info, Vegetables found
2022-04-22 00:05:21, info, Vegetables found
2022-04-22 00:05:33, info, successfully login
2022-04-22 00:06:45, info, got Farmer list 
2022-04-22 00:06:45, info, got Farmer list 
2022-04-22 00:06:45, info, Filters applied and vegetables found
2022-04-22 00:07:10, info, Signout successfully
2022-04-22 00:07:10, info, Vegetables found
2022-04-22 00:07:10, info, Vegetables found
2022-04-22 00:07:15, info, successfully login
2022-04-22 00:07:31, info, Vegetables added
2022-04-22 00:07:37, info, Filters applied and vegetables found
2022-04-22 00:07:39, info, Filters applied and vegetables found
2022-04-22 00:07:41, info, Vegetables removed successfully
2022-04-22 00:07:46, info, Filters applied and vegetables found
2022-04-22 00:07:47, info, Filters applied and vegetables found
2022-04-22 00:07:49, info, Filters applied and vegetables found
2022-04-22 00:07:50, info, Filters applied and vegetables found
2022-04-22 00:07:55, info, Filters applied and vegetables found
2022-04-22 00:07:56, info, Filters applied and vegetables found
2022-04-22 00:07:57, info, Filters applied and vegetables found
2022-04-22 00:08:09, info, Filters applied and vegetables found
2022-04-22 00:08:10, info, Filters applied and vegetables found
2022-04-22 00:08:13, info, Filters applied and vegetables found
2022-04-22 00:08:14, info, Filters applied and vegetables found
2022-04-22 00:08:15, info, Filters applied and vegetables found
2022-04-22 00:08:17, info, Filters applied and vegetables found
2022-04-22 00:08:18, info, Filters applied and vegetables found
2022-04-22 00:08:21, info, Signout successfully
2022-04-22 00:08:21, info, Vegetables found
2022-04-22 00:08:21, info, Vegetables found
2022-04-22 00:08:31, info, successfully login
2022-04-22 00:08:40, info, got Farmer list 
2022-04-22 00:08:40, info, Filters applied and vegetables found
2022-04-22 00:08:40, info, got Farmer list 
2022-04-22 00:08:43, info, Filters applied and vegetables found
2022-04-22 00:08:44, info, Filters applied and vegetables found
2022-04-22 00:08:47, info, Filters applied and vegetables found
2022-04-22 00:08:48, info, Filters applied and vegetables found
2022-04-22 00:08:57, info, Filters applied and vegetables found
2022-04-22 00:09:02, info, got Farmer list 
2022-04-22 00:09:02, info, Filters applied and vegetables found
2022-04-22 00:09:02, info, got Farmer list 
2022-04-22 00:09:58, info, Signout successfully
2022-04-22 00:09:58, info, Vegetables found
2022-04-22 00:09:58, info, Vegetables found
2022-04-22 00:10:00, info, successfully login
2022-04-22 00:13:07, info, Vegetables found
2022-04-22 00:13:07, info, Vegetables found
2022-04-22 00:13:15, info, Signout successfully
2022-04-22 00:13:15, info, Vegetables found
2022-04-22 00:13:15, info, Vegetables found
2022-04-22 00:13:27, info, successfully login
2022-04-22 00:14:24, info, got Farmer list 
2022-04-22 00:14:24, info, Filters applied and vegetables found
2022-04-22 00:14:24, info, got Farmer list 
2022-04-22 00:14:49, info, got Farmer list 
2022-04-22 00:14:49, info, Filters applied and vegetables found
2022-04-22 00:14:49, info, got Farmer list 
2022-04-22 00:15:49, info, Signout successfully
2022-04-22 00:15:49, info, Vegetables found
2022-04-22 00:15:49, info, Vegetables found
2022-04-22 00:15:52, info, successfully login
2022-04-22 00:15:56, info, Signout successfully
2022-04-22 00:15:56, info, Vegetables found
2022-04-22 00:15:56, info, Vegetables found
2022-04-22 00:16:06, info, successfully login
2022-04-22 00:17:37, info, Signout successfully
2022-04-22 00:17:37, info, Vegetables found
2022-04-22 00:17:37, info, Vegetables found
2022-04-22 00:17:40, info, successfully login
2022-04-22 00:18:59, info, Vegetables added
2022-04-22 00:19:53, info, Filters applied and vegetables found
2022-04-22 00:19:54, info, Filters applied and vegetables found
2022-04-22 00:20:08, info, Filters applied and vegetables found
2022-04-22 00:20:09, info, Signout successfully
2022-04-22 00:20:09, info, Vegetables found
2022-04-22 00:20:09, info, Vegetables found
2022-04-22 00:20:19, info, successfully login
2022-04-22 00:20:34, info, got Farmer list 
2022-04-22 00:20:34, info, Filters applied and vegetables found
2022-04-22 00:20:34, info, got Farmer list 
2022-04-22 00:20:38, info, Filters applied and vegetables found
2022-04-22 00:22:17, info, Signout successfully
2022-04-22 00:22:17, info, Vegetables found
2022-04-22 00:22:17, info, Vegetables found
2022-04-22 00:22:19, info, successfully login
2022-04-22 00:22:21, info, Filters applied and vegetables found
2022-04-22 00:22:23, info, Filters applied and vegetables found
2022-04-22 00:22:28, info, Filters applied and vegetables found
2022-04-22 00:22:30, info, Filters applied and vegetables found
2022-04-22 00:22:32, info, Filters applied and vegetables found
2022-04-22 00:22:35, info, Filters applied and vegetables found
2022-04-22 00:22:36, info, Filters applied and vegetables found
2022-04-22 00:22:37, info, Filters applied and vegetables found
2022-04-22 00:22:41, info, Signout successfully
2022-04-22 00:22:41, info, Vegetables found
2022-04-22 00:22:41, info, Vegetables found
2022-04-22 00:23:03, info, successfully login
2022-04-22 00:23:05, info, Filters applied and vegetables found
2022-04-22 00:23:07, info, Filters applied and vegetables found
2022-04-22 00:23:24, info, Filters applied and vegetables found
2022-04-22 00:23:27, info, Filters applied and vegetables found
2022-04-22 00:26:15, info, Signout successfully
2022-04-22 00:26:15, info, Vegetables found
2022-04-22 00:26:15, info, Vegetables found
2022-04-22 00:26:25, info, successfully login
2022-04-22 00:28:47, info, Signout successfully
2022-04-22 00:28:48, info, Vegetables found
2022-04-22 00:28:48, info, Vegetables found
2022-04-22 00:28:50, info, successfully login
2022-04-22 00:28:52, info, Filters applied and vegetables found
2022-04-22 00:28:55, info, Filters applied and vegetables found
2022-04-22 00:29:00, info, Filters applied and vegetables found
2022-04-22 00:29:29, info, Filters applied and vegetables found
2022-04-22 00:29:33, info, Filters applied and vegetables found
2022-04-22 00:29:43, info, Signout successfully
2022-04-22 00:29:43, info, Vegetables found
2022-04-22 00:29:43, info, Vegetables found
2022-04-22 00:30:19, info, successfully login
2022-04-22 00:30:27, info, got Farmer list 
2022-04-22 00:30:29, info, got Farmer list 
2022-04-22 00:30:29, info, Filters applied and vegetables found
2022-04-22 00:30:29, info, Filters applied and vegetables found
2022-04-22 00:33:21, info, Signout successfully
2022-04-22 00:33:21, info, Vegetables found
2022-04-22 00:33:22, info, Vegetables found
2022-04-22 00:33:23, info, successfully login
2022-04-22 00:33:26, info, Filters applied and vegetables found
2022-04-22 00:33:31, info, Filters applied and vegetables found
2022-04-22 01:00:48, info, Vegetables found
2022-04-22 01:00:48, info, Vegetables found
2022-04-22 01:00:55, info, Signout successfully
2022-04-22 01:01:12, info, successfully login
2022-04-22 01:01:48, info, Vegetables found
2022-04-22 01:01:48, info, Vegetables found
2022-04-22 01:02:01, info, Vegetables found
2022-04-22 01:02:01, info, Vegetables found
2022-04-22 01:02:05, info, got Farmer list 
2022-04-22 01:02:05, info, Filters applied and vegetables found
2022-04-22 01:02:05, info, got Farmer list 
2022-04-22 01:02:08, info, Vegetables found
2022-04-22 01:02:08, info, Vegetables found
2022-04-22 01:02:12, info, got Farmer list 
2022-04-22 01:02:12, info, got Farmer list 
2022-04-22 01:02:12, info, Filters applied and vegetables found
2022-04-22 01:02:14, info, Vegetables found
2022-04-22 01:02:14, info, Vegetables found
2022-04-22 01:03:24, info, Vegetables found
2022-04-22 01:03:24, info, Vegetables found
2022-04-22 01:03:40, info, Vegetables found
2022-04-22 01:03:40, info, Vegetables found
2022-04-22 01:03:46, info, Vegetables found
2022-04-22 01:03:46, info, Vegetables found
2022-04-22 01:03:50, info, Vegetables found
2022-04-22 01:03:50, info, Vegetables found
2022-04-22 01:03:57, info, Vegetables found
2022-04-22 01:03:57, info, Vegetables found
2022-04-22 01:04:56, info, Vegetables found
2022-04-22 01:04:56, info, Vegetables found
2022-04-22 01:04:58, info, Signout successfully
2022-04-22 01:05:17, info, Vegetables found
2022-04-22 01:05:17, info, Vegetables found
2022-04-22 01:05:20, info, Vegetables found
2022-04-22 01:05:20, info, Vegetables found
2022-04-22 01:10:47, info, Vegetables found
2022-04-22 01:10:47, info, Vegetables found
2022-04-22 01:11:14, info, Vegetables found
2022-04-22 01:11:14, info, Vegetables found
2022-04-22 01:11:17, info, Vegetables found
2022-04-22 01:11:17, info, Vegetables found
2022-04-22 01:11:57, info, Vegetables found
2022-04-22 01:11:57, info, Vegetables found
2022-04-22 01:12:01, info, Vegetables found
2022-04-22 01:12:01, info, Vegetables found
2022-04-22 01:12:09, info, Vegetables found
2022-04-22 01:12:09, info, Vegetables found
2022-04-22 01:14:58, info, Vegetables found
2022-04-22 01:14:58, info, Vegetables found
2022-04-22 01:15:15, info, Vegetables found
2022-04-22 01:15:15, info, Vegetables found
2022-04-22 01:15:15, info, Vegetables found
2022-04-22 01:15:15, info, Vegetables found
2022-04-22 01:15:24, info, Vegetables found
2022-04-22 01:15:24, info, Vegetables found
2022-04-22 01:15:56, info, Vegetables found
2022-04-22 01:15:56, info, Vegetables found
2022-04-22 01:16:20, info, Vegetables found
2022-04-22 01:16:20, info, Vegetables found
2022-04-22 01:16:27, info, Vegetables found
2022-04-22 01:16:27, info, Vegetables found
2022-04-22 01:16:27, info, Vegetables found
2022-04-22 01:16:27, info, Vegetables found
2022-04-22 01:16:37, info, Vegetables found
2022-04-22 01:16:37, info, Vegetables found
2022-04-22 01:16:47, info, Vegetables found
2022-04-22 01:16:47, info, Vegetables found
2022-04-22 01:16:48, info, Vegetables found
2022-04-22 01:16:48, info, Vegetables found
2022-04-22 01:16:49, info, Vegetables found
2022-04-22 01:16:49, info, Vegetables found
2022-04-22 01:16:51, info, Vegetables found
2022-04-22 01:16:51, info, Vegetables found
2022-04-22 01:17:07, info, Vegetables found
2022-04-22 01:17:07, info, Vegetables found
2022-04-22 01:17:25, info, Vegetables found
2022-04-22 01:17:25, info, Vegetables found
2022-04-22 01:17:30, info, Vegetables found
2022-04-22 01:17:30, info, Vegetables found
2022-04-22 01:17:31, info, Vegetables found
2022-04-22 01:17:31, info, Vegetables found
2022-04-22 01:17:32, info, Vegetables found
2022-04-22 01:17:32, info, Vegetables found
2022-04-22 01:17:32, info, Vegetables found
2022-04-22 01:17:32, info, Vegetables found
2022-04-22 01:17:32, info, Vegetables found
2022-04-22 01:17:32, info, Vegetables found
2022-04-22 01:17:33, info, Vegetables found
2022-04-22 01:17:33, info, Vegetables found
2022-04-22 01:17:55, info, Vegetables found
2022-04-22 01:17:55, info, Vegetables found
2022-04-22 01:17:56, info, Vegetables found
2022-04-22 01:17:56, info, Vegetables found
2022-04-22 01:19:18, info, Vegetables found
2022-04-22 01:19:18, info, Vegetables found
2022-04-22 01:19:20, info, Vegetables found
2022-04-22 01:19:20, info, Vegetables found
2022-04-22 01:20:34, info, Vegetables found
2022-04-22 01:20:34, info, Vegetables found
2022-04-22 01:20:38, info, Vegetables found
2022-04-22 01:20:38, info, Vegetables found
2022-04-22 01:20:45, info, Vegetables found
2022-04-22 01:20:45, info, Vegetables found
2022-04-22 01:20:50, info, Vegetables found
2022-04-22 01:20:50, info, Vegetables found
2022-04-22 01:20:53, info, Vegetables found
2022-04-22 01:20:53, info, Vegetables found
2022-04-22 01:20:58, info, Vegetables found
2022-04-22 01:20:58, info, Vegetables found
2022-04-22 01:22:10, info, Vegetables found
2022-04-22 01:22:10, info, Vegetables found
2022-04-22 01:24:54, info, Vegetables found
2022-04-22 01:24:54, info, Vegetables found
2022-04-22 01:25:03, info, Vegetables found
2022-04-22 01:25:03, info, Vegetables found
2022-04-22 01:25:25, info, Vegetables found
2022-04-22 01:25:25, info, Vegetables found
2022-04-22 01:27:02, info, successfully login
2022-04-22 01:38:48, info, Vegetables found
2022-04-22 01:38:48, info, Vegetables found
2022-04-22 01:38:55, info, Filters applied and vegetables found
2022-04-22 01:39:01, info, Filters applied and vegetables found
2022-04-22 01:41:18, info, Filters applied and vegetables found
2022-04-22 01:41:22, info, Filters applied and vegetables found
2022-04-22 01:42:05, info, Filters applied and vegetables found
2022-04-22 01:42:17, info, Filters applied and vegetables found
2022-04-22 01:42:19, info, Filters applied and vegetables found
2022-04-22 01:42:21, info, Filters applied and vegetables found
2022-04-22 01:42:32, info, Filters applied and vegetables found
2022-04-22 01:43:13, info, Filters applied and vegetables found
2022-04-22 01:43:16, info, Filters applied and vegetables found
2022-04-22 01:43:46, info, Filters applied and vegetables found
2022-04-22 01:43:48, info, Filters applied and vegetables found
2022-04-22 01:51:36, info, Vegetables found
2022-04-22 01:51:36, info, Vegetables found
2022-04-22 01:51:38, info, Signout successfully
2022-04-22 01:51:47, info, successfully login
2022-04-22 01:51:50, info, got Farmer list 
2022-04-22 01:51:50, info, Filters applied and vegetables found
2022-04-22 01:51:50, info, got Farmer list 
2022-04-22 01:52:39, info, got Farmer list 
2022-04-22 01:52:39, info, Filters applied and vegetables found
2022-04-22 01:52:52, info, got Farmer list 
2022-04-22 01:52:52, info, Filters applied and vegetables found
2022-04-22 01:53:07, info, got Farmer list 
2022-04-22 01:53:07, info, Filters applied and vegetables found
2022-04-22 01:53:18, info, got Farmer list 
2022-04-22 01:53:18, info, got Farmer list 
2022-04-22 01:53:18, info, Filters applied and vegetables found
2022-04-22 01:53:23, info, got Farmer list 
2022-04-22 01:53:23, info, Filters applied and vegetables found
2022-04-22 01:53:25, info, got Farmer list 
2022-04-22 01:53:25, info, Filters applied and vegetables found
2022-04-22 01:53:25, info, got Farmer list 
2022-04-22 01:53:28, info, got Farmer list 
2022-04-22 01:53:28, info, Filters applied and vegetables found
2022-04-22 01:53:29, info, got Farmer list 
2022-04-22 01:53:29, info, Filters applied and vegetables found
2022-04-22 01:53:33, info, got Farmer list 
2022-04-22 01:53:34, info, Filters applied and vegetables found
2022-04-22 01:53:35, info, got Farmer list 
2022-04-22 01:53:35, info, Filters applied and vegetables found
2022-04-22 01:54:08, info, got Farmer list 
2022-04-22 01:54:08, info, Filters applied and vegetables found
2022-04-22 01:55:01, info, Filters applied and vegetables found
2022-04-22 01:55:05, info, Filters applied and vegetables found
2022-04-22 01:55:35, info, got Farmer list 
2022-04-22 01:55:35, info, Filters applied and vegetables found
2022-04-22 01:55:42, info, Signout successfully
2022-04-22 01:55:42, info, Vegetables found
2022-04-22 01:55:42, info, Vegetables found
2022-04-22 01:56:59, info, successfully login
2022-04-22 01:57:05, info, got Farmer list 
2022-04-22 01:57:05, info, Filters applied and vegetables found
2022-04-22 01:57:17, info, got Farmer list 
2022-04-22 01:57:17, info, Filters applied and vegetables found
2022-04-22 02:01:35, info, Vegetables found
2022-04-22 02:01:35, info, Vegetables found
2022-04-27 15:46:42, info, Vegetables found
2022-04-27 15:46:42, info, Vegetables found
2022-04-27 15:47:05, info, Vegetables found
2022-04-27 15:47:05, info, Vegetables found
2022-04-27 15:47:18, info, Vegetables found
2022-04-27 15:47:18, info, Vegetables found
2022-04-27 15:47:29, info, Vegetables found
2022-04-27 15:47:29, info, Vegetables found
2022-04-27 15:47:35, info, Signout successfully
2022-04-27 15:47:35, info, Vegetables found
2022-04-27 15:47:35, info, Vegetables found
2022-04-27 15:47:47, info, successfully login
2022-04-27 15:48:35, info, Signout successfully
2022-04-27 15:48:37, info, Vegetables found
2022-04-27 15:48:42, info, Vegetables found
2022-04-27 15:48:47, info, successfully login
2022-04-27 15:50:13, info, Vegetables found
2022-04-27 15:50:13, info, Vegetables found
2022-04-27 15:53:13, info, Signout successfully
2022-04-27 15:53:14, info, Vegetables found
2022-04-27 15:53:14, info, Vegetables found
2022-04-27 15:53:23, info, successfully login
2022-04-27 16:07:51, info, got Farmer list 
2022-04-27 16:07:51, info, Filters applied and vegetables found
2022-04-28 00:28:02, info, Vegetables found
2022-04-28 00:28:02, info, Vegetables found
2022-04-28 00:29:21, info, Signout successfully
2022-04-28 00:29:21, info, Vegetables found
2022-04-28 00:29:21, info, Vegetables found
2022-04-28 00:29:23, info, successfully login
2022-04-28 02:06:25, info, Vegetables found
2022-04-28 02:06:25, info, Vegetables found
2022-04-28 12:09:14, info, Vegetables found
2022-04-28 12:09:14, info, Vegetables found
2022-04-28 12:15:47, info, Signout successfully
2022-04-28 12:15:47, info, Vegetables found
2022-04-28 12:15:47, info, Vegetables found
2022-04-28 12:15:50, info, successfully login
2022-04-28 12:28:42, info, Vegetables found
2022-04-28 12:28:42, info, Vegetables found
2022-04-28 12:29:11, info, Vegetables found
2022-04-28 12:29:11, info, Vegetables found
2022-04-28 12:29:18, info, Signout successfully
2022-04-28 12:29:18, info, Vegetables found
2022-04-28 12:29:18, info, Vegetables found
2022-04-28 12:29:20, info, successfully login
2022-04-28 12:32:33, info, Vegetables found
2022-04-28 12:32:33, info, Vegetables found
2022-04-28 12:33:05, info, Vegetables found
2022-04-28 12:33:05, info, Vegetables found
2022-04-28 12:33:16, info, Vegetables found
2022-04-28 12:33:16, info, Vegetables found
2022-04-28 12:52:59, info, Signout successfully
2022-04-28 12:52:59, info, Vegetables found
2022-04-28 12:52:59, info, Vegetables found
2022-04-28 12:53:08, info, successfully login
2022-04-28 12:53:25, info, got Farmer list 
2022-04-28 12:53:25, info, Filters applied and vegetables found
2022-04-28 12:53:27, info, Filters applied and vegetables found
2022-04-28 12:53:29, info, Filters applied and vegetables found
2022-04-28 12:53:30, info, Filters applied and vegetables found
2022-04-28 12:53:31, info, Filters applied and vegetables found
2022-04-28 12:53:33, info, Filters applied and vegetables found
2022-04-28 12:53:35, info, Filters applied and vegetables found
2022-04-28 12:53:36, info, Filters applied and vegetables found
2022-04-28 12:53:53, info, Vegetables found
2022-04-28 12:53:53, info, Vegetables found
2022-04-28 12:55:10, info, Vegetables found
2022-04-28 12:55:10, info, Vegetables found
2022-04-28 12:55:15, info, Vegetables found
2022-04-28 12:55:15, info, Vegetables found
2022-04-28 12:55:29, info, got Farmer list 
2022-04-28 12:55:29, info, Filters applied and vegetables found
2022-04-28 12:58:16, info, got Farmer list 
2022-04-28 12:58:16, info, Filters applied and vegetables found
2022-04-28 12:59:38, info, got Farmer list 
2022-04-28 12:59:38, info, Filters applied and vegetables found
2022-04-28 12:59:39, info, got Farmer list 
2022-04-28 12:59:39, info, Filters applied and vegetables found
2022-04-28 12:59:42, info, got Farmer list 
2022-04-28 12:59:42, info, Filters applied and vegetables found
2022-04-28 13:00:02, info, got Farmer list 
2022-04-28 13:00:02, info, Filters applied and vegetables found
2022-04-28 13:00:10, info, Filters applied and vegetables found
2022-04-28 13:00:15, info, Filters applied and vegetables found
2022-04-28 13:00:49, info, got Farmer list 
2022-04-28 13:00:49, info, Filters applied and vegetables found
2022-04-28 13:00:58, info, Signout successfully
2022-04-28 13:00:59, info, Vegetables found
2022-04-28 13:00:59, info, Vegetables found
2022-04-28 13:01:02, info, successfully login
2022-04-28 13:01:25, info, Signout successfully
2022-04-28 13:01:25, info, Vegetables found
2022-04-28 13:01:25, info, Vegetables found
2022-04-28 13:01:28, info, successfully login
2022-04-28 13:02:18, info, Signout successfully
2022-04-28 13:02:24, info, successfully login
2022-04-28 13:02:24, info, Vegetables found
2022-04-28 13:02:24, info, Vegetables found
2022-04-28 13:02:43, info, Vegetables found
2022-04-28 13:02:43, info, Vegetables found
2022-04-28 13:02:57, info, Vegetables found
2022-04-28 13:02:57, info, Vegetables found
2022-04-28 13:03:20, info, Signout successfully
2022-04-28 13:03:21, info, Vegetables found
2022-04-28 13:03:21, info, Vegetables found
2022-04-28 13:03:24, info, successfully login
2022-04-28 13:03:41, info, Signout successfully
2022-04-28 13:03:41, info, Vegetables found
2022-04-28 13:03:41, info, Vegetables found
2022-04-28 13:03:44, info, successfully login
2022-04-28 13:04:46, info, Signout successfully
2022-04-28 13:04:46, info, Vegetables found
2022-04-28 13:04:46, info, Vegetables found
2022-04-28 13:04:48, info, successfully login
2022-04-28 13:05:28, info, Vegetables found
2022-04-28 13:05:28, info, Vegetables found
2022-04-28 13:05:33, info, Signout successfully
2022-04-28 13:05:33, info, Vegetables found
2022-04-28 13:05:33, info, Vegetables found
2022-04-28 13:05:36, info, successfully login
2022-04-28 13:06:24, info, Signout successfully
2022-04-28 13:06:25, info, Vegetables found
2022-04-28 13:06:25, info, Vegetables found
2022-04-28 13:06:28, info, successfully login
2022-04-28 13:06:43, info, Vegetables found
2022-04-28 13:06:43, info, Vegetables found
2022-04-28 13:08:23, info, Signout successfully
2022-04-28 13:08:23, info, Vegetables found
2022-04-28 13:08:23, info, Vegetables found
2022-04-28 13:08:25, info, successfully login
2022-04-28 13:09:01, info, Signout successfully
2022-04-28 13:09:01, info, Vegetables found
2022-04-28 13:09:01, info, Vegetables found
2022-04-28 13:09:04, info, successfully login
2022-04-28 13:10:23, info, Signout successfully
2022-04-28 13:10:23, info, Vegetables found
2022-04-28 13:10:23, info, Vegetables found
2022-04-28 13:10:25, info, successfully login
2022-04-28 13:17:52, info, Signout successfully
2022-04-28 13:18:03, info, successfully login
2022-04-28 13:18:03, info, Vegetables found
2022-04-28 13:18:10, info, Vegetables found
2022-04-28 13:18:21, info, Vegetables found
2022-04-28 13:18:21, info, Vegetables found
2022-04-28 13:18:25, info, Filters applied and vegetables found
2022-04-28 13:18:27, info, Filters applied and vegetables found
2022-04-28 13:18:56, info, Signout successfully
2022-04-28 13:18:56, info, Vegetables found
2022-04-28 13:18:56, info, Vegetables found
2022-04-28 13:18:59, info, successfully login
2022-04-28 13:19:27, info, Signout successfully
2022-04-28 13:19:27, info, Vegetables found
2022-04-28 13:19:27, info, Vegetables found
2022-04-28 13:19:30, info, successfully login
2022-04-28 13:27:46, info, Signout successfully
2022-04-28 13:27:46, info, Vegetables found
2022-04-28 13:27:46, info, Vegetables found
2022-04-28 13:27:50, info, successfully login
2022-04-28 13:28:01, info, Vegetables found
2022-04-28 13:28:01, info, Vegetables found
2022-04-28 13:28:17, info, Vegetables found
2022-04-28 13:28:17, info, Vegetables found
2022-04-28 13:31:40, info, Signout successfully
2022-04-28 13:31:40, info, Vegetables found
2022-04-28 13:31:40, info, Vegetables found
2022-04-28 13:31:42, info, successfully login
2022-04-28 15:29:23, info, Vegetables found
2022-04-28 15:29:23, info, Vegetables found
2022-04-28 15:29:30, info, Signout successfully
2022-04-28 15:30:17, info, Vegetables found
2022-04-28 15:30:17, info, Vegetables found
2022-04-28 15:31:28, info, Vegetables found
2022-04-28 15:31:29, info, Vegetables found
2022-04-28 15:34:55, info, Vegetables found
2022-04-28 15:34:55, info, Vegetables found
2022-04-28 15:36:10, info, Vegetables found
2022-04-28 15:36:10, info, Vegetables found
2022-04-28 15:36:12, info, Vegetables found
2022-04-28 15:36:12, info, Vegetables found
2022-04-28 15:37:15, info, Vegetables found
2022-04-28 15:37:15, info, Vegetables found
2022-04-28 15:37:18, info, Vegetables found
2022-04-28 15:37:18, info, Vegetables found
2022-04-28 15:37:23, info, Vegetables found
2022-04-28 15:37:23, info, Vegetables found
2022-04-28 15:43:23, info, Vegetables found
2022-04-28 15:43:23, info, Vegetables found
2022-04-28 15:45:46, info, successfully login
2022-04-28 15:47:18, info, Vegetables found
2022-04-28 15:47:18, info, Vegetables found
2022-04-28 15:49:19, info, Vegetables found
2022-04-28 15:49:19, info, Vegetables found
2022-04-28 15:50:05, info, Vegetables found
2022-04-28 15:50:05, info, Vegetables found
2022-04-28 15:50:31, info, Vegetables found
2022-04-28 15:50:31, info, Vegetables found
2022-04-28 15:50:56, info, Vegetables found
2022-04-28 15:50:56, info, Vegetables found
2022-04-28 15:50:57, info, Vegetables found
2022-04-28 15:50:57, info, Vegetables found
2022-04-28 15:52:57, info, Signout successfully
2022-04-28 15:52:57, info, Vegetables found
2022-04-28 15:52:57, info, Vegetables found
2022-04-28 16:13:05, info, Vegetables found
2022-04-28 16:13:05, info, Vegetables found
2022-04-28 16:14:19, info, Vegetables found
2022-04-28 16:14:19, info, Vegetables found
2022-04-28 16:14:26, info, Vegetables found
2022-04-28 16:14:26, info, Vegetables found
2022-04-28 16:17:27, info, Vegetables found
2022-04-28 16:17:27, info, Vegetables found
2022-04-28 16:17:32, info, Vegetables found
2022-04-28 16:17:32, info, Vegetables found
2022-04-28 16:18:42, info, Vegetables found
2022-04-28 16:18:42, info, Vegetables found
2022-04-28 16:18:43, info, Vegetables found
2022-04-28 16:18:43, info, Vegetables found
2022-04-28 16:18:51, info, Vegetables found
2022-04-28 16:18:51, info, Vegetables found
2022-04-28 16:18:52, info, Vegetables found
2022-04-28 16:18:52, info, Vegetables found
2022-04-28 16:19:04, info, Vegetables found
2022-04-28 16:19:04, info, Vegetables found
2022-04-28 16:21:50, info, Vegetables found
2022-04-28 16:21:50, info, Vegetables found
2022-04-28 16:22:06, info, Vegetables found
2022-04-28 16:22:07, info, Vegetables found
2022-04-28 16:23:25, info, successfully login
2022-04-28 16:23:31, info, Vegetables found
2022-04-28 16:23:31, info, Vegetables found
2022-04-28 16:23:38, info, Vegetables found
2022-04-28 16:23:38, info, Vegetables found
2022-04-28 16:24:01, info, Vegetables found
2022-04-28 16:24:01, info, Vegetables found
2022-04-28 16:30:25, info, Vegetables found
2022-04-28 16:30:25, info, Vegetables found
2022-04-28 16:30:35, info, Signout successfully
2022-04-28 16:30:50, info, successfully login
2022-04-28 16:35:18, info, Filters applied and vegetables found
2022-04-28 16:35:19, info, Filters applied and vegetables found
2022-04-28 16:35:25, info, Filters applied and vegetables found
2022-04-28 16:44:31, info, Vegetables found
2022-04-28 16:44:31, info, Vegetables found
2022-04-28 16:44:34, info, Signout successfully
2022-04-28 16:44:40, info, successfully login
2022-04-28 16:46:31, info, Filters applied and vegetables found
2022-04-28 16:46:32, info, Filters applied and vegetables found
2022-04-28 16:47:31, info, Filters applied and vegetables found
2022-04-28 16:47:33, info, Filters applied and vegetables found
2022-04-28 16:48:38, info, Filters applied and vegetables found
2022-04-28 16:49:50, info, Filters applied and vegetables found
2022-04-28 16:50:09, info, Filters applied and vegetables found
2022-04-28 16:50:17, info, Filters applied and vegetables found
2022-04-28 16:50:20, info, Filters applied and vegetables found
2022-04-28 16:51:34, info, Filters applied and vegetables found
2022-04-28 16:51:36, info, Filters applied and vegetables found
2022-04-28 16:51:57, info, Filters applied and vegetables found
2022-04-28 16:52:00, info, Filters applied and vegetables found
2022-04-28 16:52:03, info, Filters applied and vegetables found
2022-04-28 16:52:06, info, Signout successfully
2022-04-28 16:52:06, info, Vegetables found
2022-04-28 16:52:06, info, Vegetables found
2022-04-28 16:52:47, info, successfully login
2022-04-28 16:53:12, info, Signout successfully
2022-04-28 16:53:12, info, Vegetables found
2022-04-28 16:53:12, info, Vegetables found
2022-04-28 16:53:16, info, successfully login
2022-04-28 16:53:25, info, Vegetables found
2022-04-28 16:53:25, info, Vegetables found
2022-04-28 16:54:13, info, Vegetables found
2022-04-28 16:54:13, info, Vegetables found
2022-04-28 16:54:19, info, Vegetables found
2022-04-28 16:54:19, info, Vegetables found
2022-04-28 16:56:34, info, Signout successfully
2022-04-28 16:56:41, info, successfully login
2022-04-28 17:09:03, info, Signout successfully
2022-04-28 17:09:03, info, Vegetables found
2022-04-28 17:09:03, info, Vegetables found
2022-04-28 17:09:52, info, Vegetables found
2022-04-28 17:09:52, info, Vegetables found
2022-04-28 17:09:57, info, Vegetables found
2022-04-28 17:09:57, info, Vegetables found
2022-04-28 17:10:41, info, Vegetables found
2022-04-28 17:10:41, info, Vegetables found
2022-04-28 17:10:46, info, Vegetables found
2022-04-28 17:10:46, info, Vegetables found
2022-04-28 17:11:24, info, Vegetables found
2022-04-28 17:11:24, info, Vegetables found
2022-04-28 17:12:36, info, Vegetables found
2022-04-28 17:12:36, info, Vegetables found
2022-04-28 17:12:39, info, Vegetables found
2022-04-28 17:12:39, info, Vegetables found
2022-04-28 17:12:39, info, Vegetables found
2022-04-28 17:12:39, info, Vegetables found
2022-04-28 17:12:39, info, Vegetables found
2022-04-28 17:12:39, info, Vegetables found
2022-04-28 17:12:39, info, Vegetables found
2022-04-28 17:12:39, info, Vegetables found
2022-04-28 17:13:06, info, Vegetables found
2022-04-28 17:13:06, info, Vegetables found
2022-04-28 17:13:07, info, Vegetables found
2022-04-28 17:13:07, info, Vegetables found
2022-04-28 17:14:40, info, Vegetables found
2022-04-28 17:14:40, info, Vegetables found
2022-04-28 17:17:21, info, Vegetables found
2022-04-28 17:17:21, info, Vegetables found
2022-04-28 17:19:08, info, Vegetables found
2022-04-28 17:19:08, info, Vegetables found
2022-04-28 17:20:00, info, Vegetables found
2022-04-28 17:20:00, info, Vegetables found
2022-04-28 17:20:12, info, Vegetables found
2022-04-28 17:20:12, info, Vegetables found
2022-04-28 17:20:23, info, Vegetables found
2022-04-28 17:20:23, info, Vegetables found
2022-04-28 17:20:28, info, Vegetables found
2022-04-28 17:20:28, info, Vegetables found
2022-04-28 17:22:06, info, Vegetables found
2022-04-28 17:22:06, info, Vegetables found
2022-04-28 17:22:06, info, Vegetables found
2022-04-28 17:22:06, info, Vegetables found
2022-04-28 17:22:24, info, Vegetables found
2022-04-28 17:22:24, info, Vegetables found
2022-04-28 17:22:37, info, Vegetables found
2022-04-28 17:22:37, info, Vegetables found
2022-04-28 17:25:32, info, Vegetables found
2022-04-28 17:25:32, info, Vegetables found
2022-04-28 17:25:37, info, Vegetables found
2022-04-28 17:25:37, info, Vegetables found
2022-04-28 17:25:44, info, Vegetables found
2022-04-28 17:25:44, info, Vegetables found
2022-04-28 17:25:51, info, Vegetables found
2022-04-28 17:25:51, info, Vegetables found
2022-04-28 17:26:05, info, Vegetables found
2022-04-28 17:26:05, info, Vegetables found
2022-04-28 17:26:08, info, Vegetables found
2022-04-28 17:26:08, info, Vegetables found
2022-04-28 17:26:17, info, Vegetables found
2022-04-28 17:26:17, info, Vegetables found
2022-04-28 17:26:28, info, Vegetables found
2022-04-28 17:26:28, info, Vegetables found
2022-04-28 17:26:33, info, Vegetables found
2022-04-28 17:26:33, info, Vegetables found
2022-04-28 17:27:15, info, Vegetables found
2022-04-28 17:27:15, info, Vegetables found
2022-04-28 17:27:16, info, Vegetables found
2022-04-28 17:27:16, info, Vegetables found
2022-04-28 17:27:18, info, Vegetables found
2022-04-28 17:27:18, info, Vegetables found
2022-04-28 17:28:34, info, Vegetables found
2022-04-28 17:28:34, info, Vegetables found
2022-04-28 17:29:07, info, Vegetables found
2022-04-28 17:29:07, info, Vegetables found
2022-04-28 17:29:11, info, Vegetables found
2022-04-28 17:29:11, info, Vegetables found
2022-04-28 17:29:16, info, Vegetables found
2022-04-28 17:29:16, info, Vegetables found
2022-04-28 17:30:30, info, Vegetables found
2022-04-28 17:30:30, info, Vegetables found
2022-04-28 17:31:51, info, Vegetables found
2022-04-28 17:31:51, info, Vegetables found
2022-04-28 17:31:52, info, Vegetables found
2022-04-28 17:31:52, info, Vegetables found
2022-04-28 17:32:06, info, Vegetables found
2022-04-28 17:32:06, info, Vegetables found
2022-04-28 17:32:07, info, Vegetables found
2022-04-28 17:32:07, info, Vegetables found
2022-04-28 17:32:22, info, Vegetables found
2022-04-28 17:32:22, info, Vegetables found
2022-04-28 17:32:30, info, Vegetables found
2022-04-28 17:32:30, info, Vegetables found
2022-04-28 17:32:31, info, Vegetables found
2022-04-28 17:32:31, info, Vegetables found
2022-04-28 17:33:10, info, Vegetables found
2022-04-28 17:33:10, info, Vegetables found
2022-04-28 17:33:11, info, Vegetables found
2022-04-28 17:33:11, info, Vegetables found
2022-04-28 17:33:28, info, Vegetables found
2022-04-28 17:33:28, info, Vegetables found
2022-04-28 17:33:38, info, Vegetables found
2022-04-28 17:33:38, info, Vegetables found
2022-04-28 17:33:59, info, Vegetables found
2022-04-28 17:33:59, info, Vegetables found
2022-04-28 17:34:09, info, Vegetables found
2022-04-28 17:34:09, info, Vegetables found
2022-04-28 17:37:05, info, Vegetables found
2022-04-28 17:37:05, info, Vegetables found
2022-04-28 17:37:10, info, Vegetables found
2022-04-28 17:37:10, info, Vegetables found
2022-04-28 17:37:11, info, Vegetables found
2022-04-28 17:37:11, info, Vegetables found
2022-04-28 17:37:19, info, Vegetables found
2022-04-28 17:37:19, info, Vegetables found
2022-04-28 17:37:21, info, Vegetables found
2022-04-28 17:37:21, info, Vegetables found
2022-04-28 17:37:21, info, Vegetables found
2022-04-28 17:37:21, info, Vegetables found
2022-04-28 17:37:22, info, Vegetables found
2022-04-28 17:37:22, info, Vegetables found
2022-04-28 17:37:36, info, Vegetables found
2022-04-28 17:37:36, info, Vegetables found
2022-04-28 17:37:37, info, Vegetables found
2022-04-28 17:37:37, info, Vegetables found
2022-04-28 17:37:47, info, Vegetables found
2022-04-28 17:37:47, info, Vegetables found
2022-04-28 17:40:08, info, Vegetables found
2022-04-28 17:40:08, info, Vegetables found
2022-04-28 17:40:12, info, Vegetables found
2022-04-28 17:40:12, info, Vegetables found
2022-04-28 17:40:19, info, Vegetables found
2022-04-28 17:40:19, info, Vegetables found
2022-04-28 17:41:22, info, Vegetables found
2022-04-28 17:41:22, info, Vegetables found
2022-05-08 19:20:31, info, successfully login
2022-05-08 19:20:37, info, Filters applied and vegetables found
2022-05-08 19:20:39, info, Filters applied and vegetables found
2022-05-08 19:23:30, info, Vegetables found
2022-05-08 19:25:08, info, Signout successfully
2022-05-08 19:25:08, info, Vegetables found
2022-05-08 19:25:08, info, Vegetables found
2022-05-08 19:25:18, info, successfully login
2022-05-08 19:27:59, info, got Farmer list 
2022-05-08 19:43:42, info, successfully signed up
2022-05-08 19:44:36, info, successfully login
2022-05-08 19:45:10, info, Vegetables found
2022-05-08 19:48:41, info, got Farmer list 
2022-05-08 19:50:18, info, Vegetables found
2022-05-08 19:51:05, info, successfully login
2022-05-08 20:25:21, info, got Farmer list 
2022-05-08 20:25:21, info, Filters applied and vegetables found
2022-05-08 20:29:14, info, Signout successfully
2022-05-08 20:29:14, info, Vegetables found
2022-05-08 20:29:14, info, Vegetables found
2022-05-08 20:29:17, info, successfully login
2022-05-08 20:29:21, info, Filters applied and vegetables found
2022-05-08 20:29:22, info, Filters applied and vegetables found
2022-05-08 20:31:56, info, Signout successfully
2022-05-08 20:31:56, info, Vegetables found
2022-05-08 20:31:56, info, Vegetables found
2022-05-08 20:32:07, info, successfully login
2022-05-08 20:55:54, info, Vegetables found
2022-05-08 20:55:54, info, Vegetables found
2022-05-08 20:56:41, info, Vegetables found
2022-05-08 20:56:41, info, Vegetables found
2022-05-08 20:56:44, info, Signout successfully
2022-05-08 20:56:51, info, successfully login
2022-05-08 20:57:13, info, Filters applied and vegetables found
2022-05-08 20:57:18, info, Filters applied and vegetables found
2022-05-08 20:57:36, info, Filters applied and vegetables found
2022-05-08 20:57:39, info, Filters applied and vegetables found
2022-05-08 20:57:43, info, Filters applied and vegetables found
2022-05-08 20:57:52, info, Filters applied and vegetables found
2022-05-08 20:57:54, info, Filters applied and vegetables found
2022-05-08 20:57:55, info, Filters applied and vegetables found
2022-05-08 20:57:57, info, Filters applied and vegetables found
2022-05-08 20:57:59, info, Filters applied and vegetables found
2022-05-08 20:58:02, info, Filters applied and vegetables found
2022-05-08 20:58:04, info, Filters applied and vegetables found
2022-05-08 20:58:10, info, Filters applied and vegetables found
2022-05-08 20:58:13, info, Filters applied and vegetables found
2022-05-08 20:58:19, info, Filters applied and vegetables found
2022-05-08 20:58:23, info, Filters applied and vegetables found
2022-05-08 20:58:25, info, Filters applied and vegetables found
2022-05-08 20:58:27, info, Filters applied and vegetables found
2022-05-08 20:58:28, info, Filters applied and vegetables found
2022-05-08 20:58:32, info, Vegetables found
2022-05-08 20:58:32, info, Vegetables found
2022-05-08 20:58:37, info, Vegetables found
2022-05-08 20:58:37, info, Vegetables found
2022-05-08 20:59:17, info, Vegetables found
2022-05-08 20:59:17, info, Vegetables found
2022-05-08 21:05:58, info, Signout successfully
2022-05-08 21:06:10, info, successfully login
